2016-03-02 13:01:48,804 - Trying to use logger class org.apache.velocity.runtime.log.Log4JLogChute
2016-03-02 13:01:48,804 - Using logger class org.apache.velocity.runtime.log.Log4JLogChute
2016-03-02 13:01:48,810 - Default ResourceManager initializing. (class org.apache.velocity.runtime.resource.ResourceManagerImpl)
2016-03-02 13:01:48,819 - ResourceLoader instantiated: org.apache.velocity.runtime.resource.loader.FileResourceLoader
2016-03-02 13:01:48,823 - Do unicode file recognition:  false
2016-03-02 13:01:48,824 - FileResourceLoader : adding path '.'
2016-03-02 13:01:48,856 - ResourceCache: initialized (class org.apache.velocity.runtime.resource.ResourceCacheImpl)
2016-03-02 13:01:48,861 - Loaded System Directive: org.apache.velocity.runtime.directive.Literal
2016-03-02 13:01:48,865 - Loaded System Directive: org.apache.velocity.runtime.directive.Macro
2016-03-02 13:01:48,867 - Loaded System Directive: org.apache.velocity.runtime.directive.Parse
2016-03-02 13:01:48,870 - Loaded System Directive: org.apache.velocity.runtime.directive.Include
2016-03-02 13:01:48,873 - Loaded System Directive: org.apache.velocity.runtime.directive.Foreach
2016-03-02 13:01:48,964 - Created '20' parsers.
2016-03-02 13:01:48,984 - Velocimacro : "velocimacro.library" is not set.  Trying default library: VM_global_library.vm
2016-03-02 13:01:48,985 - Velocimacro : Default library not found.
2016-03-02 13:01:48,986 - Velocimacro : allowInline = true : VMs can be defined inline in templates
2016-03-02 13:01:48,986 - Velocimacro : allowInlineToOverride = false : VMs defined inline may NOT replace previous VM definitions
2016-03-02 13:01:48,986 - Velocimacro : allowInlineLocal = false : VMs defined inline will be global in scope if allowed.
2016-03-02 13:01:48,986 - Velocimacro : autoload off : VM system will not automatically reload global library macros
2016-03-02 13:09:11,583 - Log4JLogChute initialized using file 'velocity.log'
2016-03-02 13:09:11,584 - Velocity was not initialized! Calling init()...
2016-03-02 13:09:11,584 - Starting Apache Velocity v1.5 (compiled: 2007-02-22 08:52:29)
2016-03-02 13:09:11,584 - Default Properties File: org\apache\velocity\runtime\defaults\velocity.properties
2016-03-02 13:09:11,584 - Trying to use logger class org.apache.velocity.runtime.log.AvalonLogChute
2016-03-02 13:09:11,586 - Couldn't find class org.apache.velocity.runtime.log.AvalonLogChute or necessary supporting classes in classpath.
java.lang.NoClassDefFoundError: org/apache/log/format/Formatter
	at java.lang.Class.forName0(Native Method)
	at java.lang.Class.forName(Class.java:344)
	at org.apache.velocity.util.ClassUtils.getClass(ClassUtils.java:63)
	at org.apache.velocity.util.ClassUtils.getNewInstance(ClassUtils.java:95)
	at org.apache.velocity.runtime.log.LogManager.createLogChute(LogManager.java:147)
	at org.apache.velocity.runtime.log.LogManager.updateLog(LogManager.java:208)
	at org.apache.velocity.runtime.RuntimeInstance.initializeLog(RuntimeInstance.java:728)
	at org.apache.velocity.runtime.RuntimeInstance.init(RuntimeInstance.java:240)
	at org.apache.velocity.runtime.RuntimeInstance.parse(RuntimeInstance.java:993)
	at org.apache.velocity.runtime.RuntimeInstance.parse(RuntimeInstance.java:972)
	at org.apache.velocity.runtime.RuntimeSingleton.parse(RuntimeSingleton.java:265)
	at org.apache.velocity.app.Velocity.evaluate(Velocity.java:274)
	at org.sonatype.mavenbook.weather.WeatherFormatter.format(WeatherFormatter.java:21)
	at org.sonatype.mavenbook.weather.yahoo.WeatherFormatterTest.testFormat(WeatherFormatterTest.java:23)
	at sun.reflect.NativeMethodAccessorImpl.invoke0(Native Method)
	at sun.reflect.NativeMethodAccessorImpl.invoke(NativeMethodAccessorImpl.java:62)
	at sun.reflect.DelegatingMethodAccessorImpl.invoke(DelegatingMethodAccessorImpl.java:43)
	at java.lang.reflect.Method.invoke(Method.java:483)
	at junit.framework.TestCase.runTest(TestCase.java:154)
	at junit.framework.TestCase.runBare(TestCase.java:127)
	at junit.framework.TestResult$1.protect(TestResult.java:106)
	at junit.framework.TestResult.runProtected(TestResult.java:124)
	at junit.framework.TestResult.run(TestResult.java:109)
	at junit.framework.TestCase.run(TestCase.java:118)
	at junit.framework.TestSuite.runTest(TestSuite.java:208)
	at junit.framework.TestSuite.run(TestSuite.java:203)
	at sun.reflect.NativeMethodAccessorImpl.invoke0(Native Method)
	at sun.reflect.NativeMethodAccessorImpl.invoke(NativeMethodAccessorImpl.java:62)
	at sun.reflect.DelegatingMethodAccessorImpl.invoke(DelegatingMethodAccessorImpl.java:43)
	at java.lang.reflect.Method.invoke(Method.java:483)
	at org.apache.maven.surefire.junit.JUnitTestSet.execute(JUnitTestSet.java:95)
	at org.apache.maven.surefire.junit.JUnit3Provider.executeTestSet(JUnit3Provider.java:121)
	at org.apache.maven.surefire.junit.JUnit3Provider.invoke(JUnit3Provider.java:98)
	at sun.reflect.NativeMethodAccessorImpl.invoke0(Native Method)
	at sun.reflect.NativeMethodAccessorImpl.invoke(NativeMethodAccessorImpl.java:62)
	at sun.reflect.DelegatingMethodAccessorImpl.invoke(DelegatingMethodAccessorImpl.java:43)
	at java.lang.reflect.Method.invoke(Method.java:483)
	at org.apache.maven.surefire.util.ReflectionUtils.invokeMethodWithArray(ReflectionUtils.java:189)
	at org.apache.maven.surefire.booter.ProviderFactory$ProviderProxy.invoke(ProviderFactory.java:165)
	at org.apache.maven.surefire.booter.ProviderFactory.invokeProvider(ProviderFactory.java:85)
	at org.apache.maven.surefire.booter.ForkedBooter.runSuitesInProcess(ForkedBooter.java:115)
	at org.apache.maven.surefire.booter.ForkedBooter.main(ForkedBooter.java:75)
Caused by: java.lang.ClassNotFoundException: org.apache.log.format.Formatter
	at java.net.URLClassLoader$1.run(URLClassLoader.java:372)
	at java.net.URLClassLoader$1.run(URLClassLoader.java:361)
	at java.security.AccessController.doPrivileged(Native Method)
	at java.net.URLClassLoader.findClass(URLClassLoader.java:360)
	at java.lang.ClassLoader.loadClass(ClassLoader.java:424)
	at sun.misc.Launcher$AppClassLoader.loadClass(Launcher.java:308)
	at java.lang.ClassLoader.loadClass(ClassLoader.java:357)
	... 42 more
2016-03-02 13:09:11,591 - Trying to use logger class org.apache.velocity.runtime.log.Log4JLogChute
2016-03-02 13:09:11,591 - Using logger class org.apache.velocity.runtime.log.Log4JLogChute
2016-03-02 13:09:11,595 - Default ResourceManager initializing. (class org.apache.velocity.runtime.resource.ResourceManagerImpl)
2016-03-02 13:09:11,603 - ResourceLoader instantiated: org.apache.velocity.runtime.resource.loader.FileResourceLoader
2016-03-02 13:09:11,606 - Do unicode file recognition:  false
2016-03-02 13:09:11,606 - FileResourceLoader : adding path '.'
2016-03-02 13:09:11,630 - ResourceCache: initialized (class org.apache.velocity.runtime.resource.ResourceCacheImpl)
2016-03-02 13:09:11,632 - Loaded System Directive: org.apache.velocity.runtime.directive.Literal
2016-03-02 13:09:11,634 - Loaded System Directive: org.apache.velocity.runtime.directive.Macro
2016-03-02 13:09:11,636 - Loaded System Directive: org.apache.velocity.runtime.directive.Parse
2016-03-02 13:09:11,639 - Loaded System Directive: org.apache.velocity.runtime.directive.Include
2016-03-02 13:09:11,640 - Loaded System Directive: org.apache.velocity.runtime.directive.Foreach
2016-03-02 13:09:11,709 - Created '20' parsers.
2016-03-02 13:09:11,725 - Velocimacro : "velocimacro.library" is not set.  Trying default library: VM_global_library.vm
2016-03-02 13:09:11,725 - Velocimacro : Default library not found.
2016-03-02 13:09:11,725 - Velocimacro : allowInline = true : VMs can be defined inline in templates
2016-03-02 13:09:11,725 - Velocimacro : allowInlineToOverride = false : VMs defined inline may NOT replace previous VM definitions
2016-03-02 13:09:11,726 - Velocimacro : allowInlineLocal = false : VMs defined inline will be global in scope if allowed.
2016-03-02 13:09:11,726 - Velocimacro : autoload off : VM system will not automatically reload global library macros
2016-03-04 12:20:06,397 - Log4JLogChute initialized using file 'velocity.log'
2016-03-04 12:20:06,399 - Velocity was not initialized! Calling init()...
2016-03-04 12:20:06,399 - Starting Apache Velocity v1.5 (compiled: 2007-02-22 08:52:29)
2016-03-04 12:20:06,399 - Default Properties File: org\apache\velocity\runtime\defaults\velocity.properties
2016-03-04 12:20:06,399 - Trying to use logger class org.apache.velocity.runtime.log.AvalonLogChute
2016-03-04 12:20:06,401 - Couldn't find class org.apache.velocity.runtime.log.AvalonLogChute or necessary supporting classes in classpath.
java.lang.NoClassDefFoundError: org/apache/log/format/Formatter
	at java.lang.Class.forName0(Native Method)
	at java.lang.Class.forName(Class.java:344)
	at org.apache.velocity.util.ClassUtils.getClass(ClassUtils.java:63)
	at org.apache.velocity.util.ClassUtils.getNewInstance(ClassUtils.java:95)
	at org.apache.velocity.runtime.log.LogManager.createLogChute(LogManager.java:147)
	at org.apache.velocity.runtime.log.LogManager.updateLog(LogManager.java:208)
	at org.apache.velocity.runtime.RuntimeInstance.initializeLog(RuntimeInstance.java:728)
	at org.apache.velocity.runtime.RuntimeInstance.init(RuntimeInstance.java:240)
	at org.apache.velocity.runtime.RuntimeInstance.parse(RuntimeInstance.java:993)
	at org.apache.velocity.runtime.RuntimeInstance.parse(RuntimeInstance.java:972)
	at org.apache.velocity.runtime.RuntimeSingleton.parse(RuntimeSingleton.java:265)
	at org.apache.velocity.app.Velocity.evaluate(Velocity.java:274)
	at org.sonatype.mavenbook.weather.WeatherFormatter.format(WeatherFormatter.java:21)
	at org.sonatype.mavenbook.weather.yahoo.WeatherFormatterTest.testFormat(WeatherFormatterTest.java:23)
	at sun.reflect.NativeMethodAccessorImpl.invoke0(Native Method)
	at sun.reflect.NativeMethodAccessorImpl.invoke(NativeMethodAccessorImpl.java:62)
	at sun.reflect.DelegatingMethodAccessorImpl.invoke(DelegatingMethodAccessorImpl.java:43)
	at java.lang.reflect.Method.invoke(Method.java:483)
	at junit.framework.TestCase.runTest(TestCase.java:154)
	at junit.framework.TestCase.runBare(TestCase.java:127)
	at junit.framework.TestResult$1.protect(TestResult.java:106)
	at junit.framework.TestResult.runProtected(TestResult.java:124)
	at junit.framework.TestResult.run(TestResult.java:109)
	at junit.framework.TestCase.run(TestCase.java:118)
	at junit.framework.TestSuite.runTest(TestSuite.java:208)
	at junit.framework.TestSuite.run(TestSuite.java:203)
	at sun.reflect.NativeMethodAccessorImpl.invoke0(Native Method)
	at sun.reflect.NativeMethodAccessorImpl.invoke(NativeMethodAccessorImpl.java:62)
	at sun.reflect.DelegatingMethodAccessorImpl.invoke(DelegatingMethodAccessorImpl.java:43)
	at java.lang.reflect.Method.invoke(Method.java:483)
	at org.apache.maven.surefire.junit.JUnitTestSet.execute(JUnitTestSet.java:95)
	at org.apache.maven.surefire.junit.JUnit3Provider.executeTestSet(JUnit3Provider.java:121)
	at org.apache.maven.surefire.junit.JUnit3Provider.invoke(JUnit3Provider.java:98)
	at sun.reflect.NativeMethodAccessorImpl.invoke0(Native Method)
	at sun.reflect.NativeMethodAccessorImpl.invoke(NativeMethodAccessorImpl.java:62)
	at sun.reflect.DelegatingMethodAccessorImpl.invoke(DelegatingMethodAccessorImpl.java:43)
	at java.lang.reflect.Method.invoke(Method.java:483)
	at org.apache.maven.surefire.util.ReflectionUtils.invokeMethodWithArray(ReflectionUtils.java:189)
	at org.apache.maven.surefire.booter.ProviderFactory$ProviderProxy.invoke(ProviderFactory.java:165)
	at org.apache.maven.surefire.booter.ProviderFactory.invokeProvider(ProviderFactory.java:85)
	at org.apache.maven.surefire.booter.ForkedBooter.runSuitesInProcess(ForkedBooter.java:115)
	at org.apache.maven.surefire.booter.ForkedBooter.main(ForkedBooter.java:75)
Caused by: java.lang.ClassNotFoundException: org.apache.log.format.Formatter
	at java.net.URLClassLoader$1.run(URLClassLoader.java:372)
	at java.net.URLClassLoader$1.run(URLClassLoader.java:361)
	at java.security.AccessController.doPrivileged(Native Method)
	at java.net.URLClassLoader.findClass(URLClassLoader.java:360)
	at java.lang.ClassLoader.loadClass(ClassLoader.java:424)
	at sun.misc.Launcher$AppClassLoader.loadClass(Launcher.java:308)
	at java.lang.ClassLoader.loadClass(ClassLoader.java:357)
	... 42 more
2016-03-04 12:20:06,408 - Trying to use logger class org.apache.velocity.runtime.log.Log4JLogChute
2016-03-04 12:20:06,408 - Using logger class org.apache.velocity.runtime.log.Log4JLogChute
2016-03-04 12:20:06,414 - Default ResourceManager initializing. (class org.apache.velocity.runtime.resource.ResourceManagerImpl)
2016-03-04 12:20:06,425 - ResourceLoader instantiated: org.apache.velocity.runtime.resource.loader.FileResourceLoader
2016-03-04 12:20:06,428 - Do unicode file recognition:  false
2016-03-04 12:20:06,429 - FileResourceLoader : adding path '.'
2016-03-04 12:20:06,487 - ResourceCache: initialized (class org.apache.velocity.runtime.resource.ResourceCacheImpl)
2016-03-04 12:20:06,489 - Loaded System Directive: org.apache.velocity.runtime.directive.Literal
2016-03-04 12:20:06,492 - Loaded System Directive: org.apache.velocity.runtime.directive.Macro
2016-03-04 12:20:06,495 - Loaded System Directive: org.apache.velocity.runtime.directive.Parse
2016-03-04 12:20:06,497 - Loaded System Directive: org.apache.velocity.runtime.directive.Include
2016-03-04 12:20:06,499 - Loaded System Directive: org.apache.velocity.runtime.directive.Foreach
2016-03-04 12:20:06,579 - Created '20' parsers.
2016-03-04 12:20:06,599 - Velocimacro : "velocimacro.library" is not set.  Trying default library: VM_global_library.vm
2016-03-04 12:20:06,600 - Velocimacro : Default library not found.
2016-03-04 12:20:06,600 - Velocimacro : allowInline = true : VMs can be defined inline in templates
2016-03-04 12:20:06,600 - Velocimacro : allowInlineToOverride = false : VMs defined inline may NOT replace previous VM definitions
2016-03-04 12:20:06,601 - Velocimacro : allowInlineLocal = false : VMs defined inline will be global in scope if allowed.
2016-03-04 12:20:06,601 - Velocimacro : autoload off : VM system will not automatically reload global library macros
2016-04-08 19:43:27,683 - Log4JLogChute initialized using file 'velocity.log'
2016-04-08 19:43:27,683 - Velocity was not initialized! Calling init()...
2016-04-08 19:43:27,683 - Starting Apache Velocity v1.5 (compiled: 2007-02-22 08:52:29)
2016-04-08 19:43:27,683 - Default Properties File: org\apache\velocity\runtime\defaults\velocity.properties
2016-04-08 19:43:27,683 - Trying to use logger class org.apache.velocity.runtime.log.AvalonLogChute
2016-04-08 19:43:27,684 - Couldn't find class org.apache.velocity.runtime.log.AvalonLogChute or necessary supporting classes in classpath.
java.lang.NoClassDefFoundError: org/apache/log/format/Formatter
	at java.lang.Class.forName0(Native Method)
	at java.lang.Class.forName(Class.java:348)
	at org.apache.velocity.util.ClassUtils.getClass(ClassUtils.java:63)
	at org.apache.velocity.util.ClassUtils.getNewInstance(ClassUtils.java:95)
	at org.apache.velocity.runtime.log.LogManager.createLogChute(LogManager.java:147)
	at org.apache.velocity.runtime.log.LogManager.updateLog(LogManager.java:208)
	at org.apache.velocity.runtime.RuntimeInstance.initializeLog(RuntimeInstance.java:728)
	at org.apache.velocity.runtime.RuntimeInstance.init(RuntimeInstance.java:240)
	at org.apache.velocity.runtime.RuntimeInstance.parse(RuntimeInstance.java:993)
	at org.apache.velocity.runtime.RuntimeInstance.parse(RuntimeInstance.java:972)
	at org.apache.velocity.runtime.RuntimeSingleton.parse(RuntimeSingleton.java:265)
	at org.apache.velocity.app.Velocity.evaluate(Velocity.java:274)
	at org.sonatype.mavenbook.weather.WeatherFormatter.format(WeatherFormatter.java:21)
	at org.sonatype.mavenbook.weather.yahoo.WeatherFormatterTest.testFormat(WeatherFormatterTest.java:23)
	at sun.reflect.NativeMethodAccessorImpl.invoke0(Native Method)
	at sun.reflect.NativeMethodAccessorImpl.invoke(NativeMethodAccessorImpl.java:62)
	at sun.reflect.DelegatingMethodAccessorImpl.invoke(DelegatingMethodAccessorImpl.java:43)
	at java.lang.reflect.Method.invoke(Method.java:497)
	at junit.framework.TestCase.runTest(TestCase.java:154)
	at junit.framework.TestCase.runBare(TestCase.java:127)
	at junit.framework.TestResult$1.protect(TestResult.java:106)
	at junit.framework.TestResult.runProtected(TestResult.java:124)
	at junit.framework.TestResult.run(TestResult.java:109)
	at junit.framework.TestCase.run(TestCase.java:118)
	at junit.framework.TestSuite.runTest(TestSuite.java:208)
	at junit.framework.TestSuite.run(TestSuite.java:203)
	at sun.reflect.NativeMethodAccessorImpl.invoke0(Native Method)
	at sun.reflect.NativeMethodAccessorImpl.invoke(NativeMethodAccessorImpl.java:62)
	at sun.reflect.DelegatingMethodAccessorImpl.invoke(DelegatingMethodAccessorImpl.java:43)
	at java.lang.reflect.Method.invoke(Method.java:497)
	at org.apache.maven.surefire.junit.JUnitTestSet.execute(JUnitTestSet.java:95)
	at org.apache.maven.surefire.junit.JUnit3Provider.executeTestSet(JUnit3Provider.java:121)
	at org.apache.maven.surefire.junit.JUnit3Provider.invoke(JUnit3Provider.java:98)
	at sun.reflect.NativeMethodAccessorImpl.invoke0(Native Method)
	at sun.reflect.NativeMethodAccessorImpl.invoke(NativeMethodAccessorImpl.java:62)
	at sun.reflect.DelegatingMethodAccessorImpl.invoke(DelegatingMethodAccessorImpl.java:43)
	at java.lang.reflect.Method.invoke(Method.java:497)
	at org.apache.maven.surefire.util.ReflectionUtils.invokeMethodWithArray(ReflectionUtils.java:189)
	at org.apache.maven.surefire.booter.ProviderFactory$ProviderProxy.invoke(ProviderFactory.java:165)
	at org.apache.maven.surefire.booter.ProviderFactory.invokeProvider(ProviderFactory.java:85)
	at org.apache.maven.surefire.booter.ForkedBooter.runSuitesInProcess(ForkedBooter.java:115)
	at org.apache.maven.surefire.booter.ForkedBooter.main(ForkedBooter.java:75)
Caused by: java.lang.ClassNotFoundException: org.apache.log.format.Formatter
	at java.net.URLClassLoader.findClass(URLClassLoader.java:381)
	at java.lang.ClassLoader.loadClass(ClassLoader.java:424)
	at sun.misc.Launcher$AppClassLoader.loadClass(Launcher.java:331)
	at java.lang.ClassLoader.loadClass(ClassLoader.java:357)
	... 42 more
2016-04-08 19:43:27,686 - Trying to use logger class org.apache.velocity.runtime.log.Log4JLogChute
2016-04-08 19:43:27,686 - Using logger class org.apache.velocity.runtime.log.Log4JLogChute
2016-04-08 19:43:27,687 - Default ResourceManager initializing. (class org.apache.velocity.runtime.resource.ResourceManagerImpl)
2016-04-08 19:43:27,691 - ResourceLoader instantiated: org.apache.velocity.runtime.resource.loader.FileResourceLoader
2016-04-08 19:43:27,692 - Do unicode file recognition:  false
2016-04-08 19:43:27,692 - FileResourceLoader : adding path '.'
2016-04-08 19:43:27,758 - ResourceCache: initialized (class org.apache.velocity.runtime.resource.ResourceCacheImpl)
2016-04-08 19:43:27,760 - Loaded System Directive: org.apache.velocity.runtime.directive.Literal
2016-04-08 19:43:27,761 - Loaded System Directive: org.apache.velocity.runtime.directive.Macro
2016-04-08 19:43:27,762 - Loaded System Directive: org.apache.velocity.runtime.directive.Parse
2016-04-08 19:43:27,764 - Loaded System Directive: org.apache.velocity.runtime.directive.Include
2016-04-08 19:43:27,765 - Loaded System Directive: org.apache.velocity.runtime.directive.Foreach
2016-04-08 19:43:27,791 - Created '20' parsers.
2016-04-08 19:43:27,796 - Velocimacro : "velocimacro.library" is not set.  Trying default library: VM_global_library.vm
2016-04-08 19:43:27,796 - Velocimacro : Default library not found.
2016-04-08 19:43:27,796 - Velocimacro : allowInline = true : VMs can be defined inline in templates
2016-04-08 19:43:27,796 - Velocimacro : allowInlineToOverride = false : VMs defined inline may NOT replace previous VM definitions
2016-04-08 19:43:27,796 - Velocimacro : allowInlineLocal = false : VMs defined inline will be global in scope if allowed.
2016-04-08 19:43:27,796 - Velocimacro : autoload off : VM system will not automatically reload global library macros
